/root/anaconda3/envs/Fate3/lib/python3.6/site-packages/h5py/__init__.py:34: FutureWarning: Conversion of the second argument of issubdtype from `float` to `np.floating` is deprecated. In future, it will be treated as `np.float64 == np.dtype(float).type`.
  from ._conv import register_converters as _register_converters
Get in base workflow initialize
@ initialize model
@ create encrypt OT host
Finish predict parameter check!
Finish evaluation parameter check!
Finish workerflow parameter check!
The Host job id is 8
The Host work mode id is 0
2020-10-27 07:02:13.535789: I tensorflow/core/platform/cpu_feature_guard.cc:141] Your CPU supports instructions that this TensorFlow binary was not compiled to use: AVX2 FMA
[1;31mError at position i = 0, k = 0, with X0 = da and res = 0. All values: 
X0: 0101101111101000
X1: 0010011110010100
[0m[1;31mError at position i = 0, k = 0, with X0 = da and res = 0. All values: 
X0: 0101101111101000
X1: 0010011110010100
[0m[1;31mError at position i = 0, k = 0, with X0 = da and res = 0. All values: 
X0: 0101101111101000
X1: 0010011110010100
[0m[1;31mError at position i = 0, k = 0, with X0 = da and res = 0. All values: 
X0: 0101101111101000
X1: 0010011110010100
[0m[1;31mError at position i = 0, k = 0, with X0 = da and res = 0. All values: 
X0: 0101101111101000
X1: 0010011110010100
[0m[1;31mError at position i = 0, k = 0, with X1 = e4 and res = 0. All values: 
X0: 0101101111101000
X1: 0010011110010100
[0m[1;31mError at position i = 0, k = 0, with X0 = da and res = 0. All values: 
X0: 0101101111101000
X1: 0010011110010100
[0m[1;31mError at position i = 0, k = 0, with X1 = e4 and res = 0. All values: 
X0: 0101101111101000
X1: 0010011110010100
[0m[1;31mError at position i = 0, k = 0, with X0 = da and res = 0. All values: 
X0: 0101101111101000
X1: 0010011110010100
[0m[1;31mError at position i = 0, k = 0, with X0 = da and res = 0. All values: 
X0: 0101101111101000
X1: 0010011110010100
[0m[1;31mError at position i = 0, k = 0, with X0 = da and res = 0. All values: 
X0: 0101101111101000
X1: 0010011110010100
[0m[1;31mError at position i = 0, k = 0, with X1 = e4 and res = 0. All values: 
X0: 0101101111101000
X1: 0010011110010100
[0m[1;31mError at position i = 0, k = 0, with X0 = da and res = 0. All values: 
X0: 0101101111101000
X1: 0010011110010100
[0m[1;31mError at position i = 0, k = 0, with X0 = da and res = 0. All values: 
X0: 0101101111101000
X1: 0010011110010100
[0m[1;31mError at position i = 0, k = 0, with X0 = da and res = 0. All values: 
X0: 0101101111101000
X1: 0010011110010100
[0m[1;31mError: Receiver notified us of failed OT verification.[0m
[1;31mError: Receiver notified us of failed OT verification.[0m
[1;31mError: Receiver notified us of failed OT verification.[0m
[1;31mError: Receiver notified us of failed OT verification.[0m
[1;31mError: Receiver notified us of failed OT verification.[0m
[1;31mError: Receiver notified us of failed OT verification.[0m
[1;31mError: Receiver notified us of failed OT verification.[0m
[1;31mError: Receiver notified us of failed OT verification.[0m
[1;31mError: Receiver notified us of failed OT verification.[0m
[1;31mError: Receiver notified us of failed OT verification.[0m
[1;31mError: Receiver notified us of failed OT verification.[0m
[1;31mError at position i = 0, k = 0, with X1 = 5c and res = 0. All values: 
X0: 0101101111101000
X1: 0011101001011100
[0m[1;31mError at position i = 0, k = 0, with X0 = da and res = 0. All values: 
X0: 0101101111101000
X1: 0011101001011100
[0m[1;31mError at position i = 0, k = 0, with X0 = da and res = 0. All values: 
X0: 0101101111101000
X1: 0011101001011100
[0m[1;31mError at position i = 0, k = 0, with X0 = da and res = 0. All values: 
X0: 0101101111101000
X1: 0011101001011100
[0m[1;31mError at position i = 0, k = 0, with X1 = 5c and res = 0. All values: 
X0: 0101101111101000
X1: 0011101001011100
[0m[1;31mError at position i = 0, k = 0, with X0 = da and res = 0. All values: 
X0: 0101101111101000
X1: 0011101001011100
[0m[1;31mError at position i = 0, k = 0, with X1 = 5c and res = 0. All values: 
X0: 0101101111101000
X1: 0011101001011100
[0m[1;31mError at position i = 0, k = 0, with X1 = 5c and res = 0. All values: 
X0: 0101101111101000
X1: 0011101001011100
[0m[1;31mError at position i = 0, k = 0, with X0 = da and res = 0. All values: 
X0: 0101101111101000
X1: 0011101001011100
[0m[1;31mError at position i = 0, k = 0, with X1 = 5c and res = 0. All values: 
X0: 0101101111101000
X1: 0011101001011100
[0m[1;31mError at position i = 0, k = 0, with X1 = 5c and res = 0. All values: 
X0: 0101101111101000
X1: 0011101001011100
[0m[1;31mError at position i = 0, k = 0, with X1 = 5c and res = 0. All values: 
X0: 0101101111101000
X1: 0011101001011100
[0m[1;31mError at position i = 0, k = 0, with X0 = da and res = 0. All values: 
X0: 0101101111101000
X1: 0011101001011100
[0m[1;31mError: Receiver notified us of failed OT verification.[0m
[1;31mError: Receiver notified us of failed OT verification.[0m
[1;31mError: Receiver notified us of failed OT verification.[0m
[1;31mError: Receiver notified us of failed OT verification.[0m
[1;31mError: Receiver notified us of failed OT verification.[0m
[1;31mError: Receiver notified us of failed OT verification.[0m
[1;31mError: Receiver notified us of failed OT verification.[0m
[1;31mError: Receiver notified us of failed OT verification.[0m
[1;31mError: Receiver notified us of failed OT verification.[0m
[1;31mError: Receiver notified us of failed OT verification.[0m
[1;31mError: Receiver notified us of failed OT verification.[0m
[1;31mError: Receiver notified us of failed OT verification.[0m
[1;31mError: Receiver notified us of failed OT verification.[0m
[1;31mError: Receiver notified us of failed OT verification.[0m
[1;31mError: Receiver notified us of failed OT verification.[0m
[1;31mError at position i = 0, k = 0, with X1 = e8 and res = 0. All values: 
X0: 0101101111101000
X1: 0001011110001100
[0m[1;31mError at position i = 0, k = 0, with X0 = da and res = 0. All values: 
X0: 0101101111101000
X1: 0001011110001100
[0m[1;31mError at position i = 0, k = 0, with X0 = da and res = 0. All values: 
X0: 0101101111101000
X1: 0001011110001100
[0m[1;31mError at position i = 0, k = 0, with X1 = e8 and res = 0. All values: 
X0: 0101101111101000
X1: 0001011110001100
[0m[1;31mError at position i = 0, k = 0, with X0 = da and res = 0. All values: 
X0: 0101101111101000
X1: 0001011110001100
[0m[1;31mError at position i = 0, k = 0, with X1 = e8 and res = 0. All values: 
X0: 0101101111101000
X1: 0001011110001100
[0m[1;31mError at position i = 0, k = 0, with X0 = da and res = 0. All values: 
X0: 0101101111101000
X1: 0001011110001100
[0m[1;31mError at position i = 0, k = 0, with X0 = da and res = 0. All values: 
X0: 0101101111101000
X1: 0001011110001100
[0m[1;31mError at position i = 0, k = 0, with X0 = da and res = 0. All values: 
X0: 0101101111101000
X1: 0001011110001100
[0m[1;31mError at position i = 0, k = 0, with X0 = da and res = 0. All values: 
X0: 0101101111101000
X1: 0001011110001100
[0m[1;31mError at position i = 0, k = 0, with X1 = e8 and res = 0. All values: 
X0: 0101101111101000
X1: 0001011110001100
[0m[1;31mError at position i = 0, k = 0, with X1 = e8 and res = 0. All values: 
X0: 0101101111101000
X1: 0001011110001100
[0m[1;31mError at position i = 0, k = 0, with X0 = da and res = 0. All values: 
X0: 0101101111101000
X1: 0001011110001100
[0m[1;31mError at position i = 0, k = 0, with X0 = da and res = 0. All values: 
X0: 0101101111101000
X1: 0001011110001100
[0m[1;31mError at position i = 0, k = 0, with X1 = e8 and res = 0. All values: 
X0: 0101101111101000
X1: 0001011110001100
[0m[1;31mError at position i = 0, k = 0, with X0 = da and res = 0. All values: 
X0: 0101101111101000
X1: 0001011110001100
[0m[1;31mError at position i = 0, k = 0, with X0 = da and res = 0. All values: 
X0: 0101101111101000
X1: 0001011110001100
[0m[1;31mError at position i = 0, k = 0, with X1 = e8 and res = 0. All values: 
X0: 0101101111101000
X1: 0001011110001100
[0m[1;31mError: Receiver notified us of failed OT verification.[0m
[1;31mError: Receiver notified us of failed OT verification.[0m
[1;31mError: Receiver notified us of failed OT verification.[0m
[1;31mError: Receiver notified us of failed OT verification.[0m
[1;31mError: Receiver notified us of failed OT verification.[0m
[1;31mError: Receiver notified us of failed OT verification.[0m
[1;31mError: Receiver notified us of failed OT verification.[0m
[1;31mError: Receiver notified us of failed OT verification.[0m
[1;31mError: Receiver notified us of failed OT verification.[0m
[1;31mError: Receiver notified us of failed OT verification.[0m
[1;31mError: Receiver notified us of failed OT verification.[0m
[1;31mError: Receiver notified us of failed OT verification.[0m
[1;31mError at position i = 0, k = 0, with X1 = f2 and res = 0. All values: 
X0: 0101101111101000
X1: 0100111100111000
[0m[1;31mError at position i = 0, k = 0, with X1 = f2 and res = 0. All values: 
X0: 0101101111101000
X1: 0100111100111000
[0m[1;31mError at position i = 0, k = 0, with X0 = da and res = 0. All values: 
X0: 0101101111101000
X1: 0100111100111000
[0m[1;31mError at position i = 0, k = 0, with X0 = da and res = 0. All values: 
X0: 0101101111101000
X1: 0100111100111000
[0m[1;31mError at position i = 0, k = 0, with X1 = f2 and res = 0. All values: 
X0: 0101101111101000
X1: 0100111100111000
[0m[1;31mError at position i = 0, k = 0, with X0 = da and res = 0. All values: 
X0: 0101101111101000
X1: 0100111100111000
[0m[1;31mError at position i = 0, k = 0, with X0 = da and res = 0. All values: 
X0: 0101101111101000
X1: 0100111100111000
[0m[1;31mError at position i = 0, k = 0, with X1 = f2 and res = 0. All values: 
X0: 0101101111101000
X1: 0100111100111000
[0m[1;31mError at position i = 0, k = 0, with X0 = da and res = 0. All values: 
X0: 0101101111101000
X1: 0100111100111000
[0m[1;31mError: Receiver notified us of failed OT verification.[0m
[1;31mError: Receiver notified us of failed OT verification.[0m
[1;31mError: Receiver notified us of failed OT verification.[0m
[1;31mError: Receiver notified us of failed OT verification.[0m
[1;31mError: Receiver notified us of failed OT verification.[0m
[1;31mError: Receiver notified us of failed OT verification.[0m
[1;31mError: Receiver notified us of failed OT verification.[0m
[1;31mError: Receiver notified us of failed OT verification.[0m
[1;31mError: Receiver notified us of failed OT verification.[0m
[1;31mError: Receiver notified us of failed OT verification.[0m
[1;31mError: Receiver notified us of failed OT verification.[0m
[1;31mError: Receiver notified us of failed OT verification.[0m
[1;31mError: Receiver notified us of failed OT verification.[0m
[1;31mError at position i = 0, k = 0, with X0 = da and res = 0. All values: 
X0: 0101101111101000
X1: 1000000101100100
[0m[1;31mError at position i = 0, k = 0, with X1 = 81 and res = 0. All values: 
X0: 0101101111101000
X1: 1000000101100100
[0m[1;31mError at position i = 0, k = 0, with X0 = da and res = 0. All values: 
X0: 0101101111101000
X1: 1000000101100100
[0m[1;31mError at position i = 0, k = 0, with X1 = 81 and res = 0. All values: 
X0: 0101101111101000
X1: 1000000101100100
[0m[1;31mError at position i = 0, k = 0, with X1 = 81 and res = 0. All values: 
X0: 0101101111101000
X1: 1000000101100100
[0m[1;31mError at position i = 0, k = 0, with X1 = 81 and res = 0. All values: 
X0: 0101101111101000
X1: 1000000101100100
[0m[1;31mError at position i = 0, k = 0, with X0 = da and res = 0. All values: 
X0: 0101101111101000
X1: 1000000101100100
[0m[1;31mError at position i = 0, k = 0, with X1 = 81 and res = 0. All values: 
X0: 0101101111101000
X1: 1000000101100100
[0m[1;31mError at position i = 0, k = 0, with X1 = 81 and res = 0. All values: 
X0: 0101101111101000
X1: 1000000101100100
[0m[1;31mError at position i = 0, k = 0, with X1 = 81 and res = 0. All values: 
X0: 0101101111101000
X1: 1000000101100100
[0m[1;31mError at position i = 0, k = 0, with X1 = 81 and res = 0. All values: 
X0: 0101101111101000
X1: 1000000101100100
[0m[1;31mError at position i = 0, k = 0, with X1 = 81 and res = 0. All values: 
X0: 0101101111101000
X1: 1000000101100100
[0m[1;31mError at position i = 0, k = 0, with X1 = 81 and res = 0. All values: 
X0: 0101101111101000
X1: 1000000101100100
[0m[1;31mError: Receiver notified us of failed OT verification.[0m
[1;31mError: Receiver notified us of failed OT verification.[0m
[1;31mError: Receiver notified us of failed OT verification.[0m
[1;31mError: Receiver notified us of failed OT verification.[0m
[1;31mError: Receiver notified us of failed OT verification.[0m
[1;31mError: Receiver notified us of failed OT verification.[0m
[1;31mError: Receiver notified us of failed OT verification.[0m
[1;31mError: Receiver notified us of failed OT verification.[0m
[1;31mError: Receiver notified us of failed OT verification.[0m
[1;31mError: Receiver notified us of failed OT verification.[0m
[1;31mError: Receiver notified us of failed OT verification.[0m
[1;31mError: Receiver notified us of failed OT verification.[0m
[1;31mError: Receiver notified us of failed OT verification.[0m
[1;31mError: Receiver notified us of failed OT verification.[0m
[1;31mError: Receiver notified us of failed OT verification.[0m
[1;31mError at position i = 0, k = 0, with X1 = 84 and res = 0. All values: 
X0: 0101101111101000
X1: 0010000101001100
[0m[1;31mError at position i = 0, k = 0, with X0 = da and res = 0. All values: 
X0: 0101101111101000
X1: 0010000101001100
[0m[1;31mError at position i = 0, k = 0, with X0 = da and res = 0. All values: 
X0: 0101101111101000
X1: 0010000101001100
[0m[1;31mError at position i = 0, k = 0, with X1 = 84 and res = 0. All values: 
X0: 0101101111101000
X1: 0010000101001100
[0m[1;31mError at position i = 0, k = 0, with X1 = 84 and res = 0. All values: 
X0: 0101101111101000
X1: 0010000101001100
[0m[1;31mError at position i = 0, k = 0, with X1 = 84 and res = 0. All values: 
X0: 0101101111101000
X1: 0010000101001100
[0m[1;31mError at position i = 0, k = 0, with X1 = 84 and res = 0. All values: 
X0: 0101101111101000
X1: 0010000101001100
[0m[1;31mError at position i = 0, k = 0, with X0 = da and res = 0. All values: 
X0: 0101101111101000
X1: 0010000101001100
[0m[1;31mError at position i = 0, k = 0, with X1 = 84 and res = 0. All values: 
X0: 0101101111101000
X1: 0010000101001100
[0m[1;31mError at position i = 0, k = 0, with X1 = 84 and res = 0. All values: 
X0: 0101101111101000
X1: 0010000101001100
[0m[1;31mError at position i = 0, k = 0, with X0 = da and res = 0. All values: 
X0: 0101101111101000
X1: 0010000101001100
[0m[1;31mError at position i = 0, k = 0, with X1 = 84 and res = 0. All values: 
X0: 0101101111101000
X1: 0010000101001100
[0m[1;31mError at position i = 0, k = 0, with X0 = da and res = 0. All values: 
X0: 0101101111101000
X1: 0010000101001100
[0m[1;31mError at position i = 0, k = 0, with X1 = 84 and res = 0. All values: 
X0: 0101101111101000
X1: 0010000101001100
[0m[1;31mError at position i = 0, k = 0, with X1 = 84 and res = 0. All values: 
X0: 0101101111101000
X1: 0010000101001100
[0m[1;31mError: Receiver notified us of failed OT verification.[0m
[1;31mError: Receiver notified us of failed OT verification.[0m
[1;31mError: Receiver notified us of failed OT verification.[0m
[1;31mError: Receiver notified us of failed OT verification.[0m
[1;31mError: Receiver notified us of failed OT verification.[0m
[1;31mError: Receiver notified us of failed OT verification.[0m
[1;31mError: Receiver notified us of failed OT verification.[0m
[1;31mError: Receiver notified us of failed OT verification.[0m
[1;31mError: Receiver notified us of failed OT verification.[0m
[1;31mError: Receiver notified us of failed OT verification.[0m
[1;31mError: Receiver notified us of failed OT verification.[0m
[1;31mError: Receiver notified us of failed OT verification.[0m
[1;31mError: Receiver notified us of failed OT verification.[0m
[1;31mError: Receiver notified us of failed OT verification.[0m
[1;31mError: Receiver notified us of failed OT verification.[0m
[1;31mError: Receiver notified us of failed OT verification.[0m
[1;31mError: Receiver notified us of failed OT verification.[0m
[1;31mError: Receiver notified us of failed OT verification.[0m
[1;31mError: Receiver notified us of failed OT verification.[0m
[1;31mError: Receiver notified us of failed OT verification.[0m
[1;31mError: Receiver notified us of failed OT verification.[0m
[1;31mError: Receiver notified us of failed OT verification.[0m
[1;31mError: Receiver notified us of failed OT verification.[0m
[1;31mError: Receiver notified us of failed OT verification.[0m
[1;31mError: Receiver notified us of failed OT verification.[0m
[1;31mError: Receiver notified us of failed OT verification.[0m
[1;31mError at position i = 0, k = 0, with X1 = e6 and res = 0. All values: 
X0: 0101101111101000
X1: 0110011111011000
[0m[1;31mError at position i = 0, k = 0, with X1 = e6 and res = 0. All values: 
X0: 0101101111101000
X1: 0110011111011000
[0m[1;31mError at position i = 0, k = 0, with X1 = e6 and res = 0. All values: 
X0: 0101101111101000
X1: 0110011111011000
[0m[1;31mError at position i = 0, k = 0, with X1 = e6 and res = 0. All values: 
X0: 0101101111101000
X1: 0110011111011000
[0m[1;31mError at position i = 0, k = 0, with X1 = e6 and res = 0. All values: 
X0: 0101101111101000
X1: 0110011111011000
[0m[1;31mError at position i = 0, k = 0, with X0 = da and res = 0. All values: 
X0: 0101101111101000
X1: 0110011111011000
[0m[1;31mError at position i = 0, k = 0, with X1 = e6 and res = 0. All values: 
X0: 0101101111101000
X1: 0110011111011000
[0m[1;31mError at position i = 0, k = 0, with X0 = da and res = 0. All values: 
X0: 0101101111101000
X1: 0110011111011000
[0m[1;31mError at position i = 0, k = 0, with X0 = da and res = 0. All values: 
X0: 0101101111101000
X1: 0110011111011000
[0m[1;31mError at position i = 0, k = 0, with X1 = e6 and res = 0. All values: 
X0: 0101101111101000
X1: 0110011111011000
[0m[1;31mError at position i = 0, k = 0, with X1 = e6 and res = 0. All values: 
X0: 0101101111101000
X1: 0110011111011000
[0m[1;31mError at position i = 0, k = 0, with X1 = e6 and res = 0. All values: 
X0: 0101101111101000
X1: 0110011111011000
[0m[1;31mError at position i = 0, k = 0, with X1 = e6 and res = 0. All values: 
X0: 0101101111101000
X1: 0110011111011000
[0m[1;31mError at position i = 0, k = 0, with X1 = e6 and res = 0. All values: 
X0: 0101101111101000
X1: 0110011111011000
[0m[1;31mError at position i = 0, k = 0, with X1 = e6 and res = 0. All values: 
X0: 0101101111101000
X1: 0110011111011000
[0m[1;31mError: Receiver notified us of failed OT verification.[0m
[1;31mError: Receiver notified us of failed OT verification.[0m
[1;31mError: Receiver notified us of failed OT verification.[0m
[1;31mError: Receiver notified us of failed OT verification.[0m
[1;31mError: Receiver notified us of failed OT verification.[0m
[1;31mError: Receiver notified us of failed OT verification.[0m
[1;31mError: Receiver notified us of failed OT verification.[0m
[1;31mError: Receiver notified us of failed OT verification.[0m
[1;31mError: Receiver notified us of failed OT verification.[0m
[1;31mError: Receiver notified us of failed OT verification.[0m
[1;31mError: Receiver notified us of failed OT verification.[0m
[1;31mError: Receiver notified us of failed OT verification.[0m
[1;31mError: Receiver notified us of failed OT verification.[0m
[1;31mError: Receiver notified us of failed OT verification.[0m
[1;31mError: Receiver notified us of failed OT verification.[0m
[1;31mError: Receiver notified us of failed OT verification.[0m
[1;31mError at position i = 0, k = 0, with X0 = da and res = 0. All values: 
X0: 0101101111101000
X1: 1111011010111000
[0m[1;31mError at position i = 0, k = 0, with X0 = da and res = 0. All values: 
X0: 0101101111101000
X1: 1111011010111000
[0m[1;31mError at position i = 0, k = 0, with X1 = 6f and res = 0. All values: 
X0: 0101101111101000
X1: 1111011010111000
[0m[1;31mError at position i = 0, k = 0, with X1 = 6f and res = 0. All values: 
X0: 0101101111101000
X1: 1111011010111000
[0m[1;31mError at position i = 0, k = 0, with X0 = da and res = 0. All values: 
X0: 0101101111101000
X1: 1111011010111000
[0m[1;31mError at position i = 0, k = 0, with X0 = da and res = 0. All values: 
X0: 0101101111101000
X1: 1111011010111000
[0m[1;31mError at position i = 0, k = 0, with X1 = 6f and res = 0. All values: 
X0: 0101101111101000
X1: 1111011010111000
[0m[1;31mError at position i = 0, k = 0, with X0 = da and res = 0. All values: 
X0: 0101101111101000
X1: 1111011010111000
[0m[1;31mError at position i = 0, k = 0, with X1 = 6f and res = 0. All values: 
X0: 0101101111101000
X1: 1111011010111000
[0m[1;31mError at position i = 0, k = 0, with X1 = 6f and res = 0. All values: 
X0: 0101101111101000
X1: 1111011010111000
[0m[1;31mError at position i = 0, k = 0, with X1 = 6f and res = 0. All values: 
X0: 0101101111101000
X1: 1111011010111000
[0m[1;31mError at position i = 0, k = 0, with X0 = da and res = 0. All values: 
X0: 0101101111101000
X1: 1111011010111000
[0m[1;31mError at position i = 0, k = 0, with X0 = da and res = 0. All values: 
X0: 0101101111101000
X1: 1111011010111000
[0m[1;31mError at position i = 0, k = 0, with X0 = da and res = 0. All values: 
X0: 0101101111101000
X1: 1111011010111000
[0m[1;31mError at position i = 0, k = 0, with X1 = 6f and res = 0. All values: 
X0: 0101101111101000
X1: 1111011010111000
[0m[1;31mError at position i = 0, k = 0, with X1 = 6f and res = 0. All values: 
X0: 0101101111101000
X1: 1111011010111000
[0m[1;31mError at position i = 0, k = 0, with X1 = 6f and res = 0. All values: 
X0: 0101101111101000
X1: 1111011010111000
[0m[1;31mError at position i = 0, k = 0, with X0 = da and res = 0. All values: 
X0: 0101101111101000
X1: 1111011010111000
[0m[1;31mError at position i = 0, k = 0, with X0 = da and res = 0. All values: 
X0: 0101101111101000
X1: 1111011010111000
[0m[1;31mError at position i = 0, k = 0, with X1 = 6f and res = 0. All values: 
X0: 0101101111101000
X1: 1111011010111000
[0m[1;31mError at position i = 0, k = 0, with X1 = 6f and res = 0. All values: 
X0: 0101101111101000
X1: 1111011010111000
[0m[1;31mError at position i = 0, k = 0, with X0 = da and res = 0. All values: 
X0: 0101101111101000
X1: 1111011010111000
[0m[1;31mError at position i = 0, k = 0, with X1 = 6f and res = 0. All values: 
X0: 0101101111101000
X1: 1111011010111000
[0m[1;31mError: Receiver notified us of failed OT verification.[0m
[1;31mError: Receiver notified us of failed OT verification.[0m
[1;31mError: Receiver notified us of failed OT verification.[0m
[1;31mError: Receiver notified us of failed OT verification.[0m
[1;31mError: Receiver notified us of failed OT verification.[0m
[1;31mError: Receiver notified us of failed OT verification.[0m
[1;31mError: Receiver notified us of failed OT verification.[0m
[1;31mError: Receiver notified us of failed OT verification.[0m
[1;31mError: Receiver notified us of failed OT verification.[0m
[1;31mError: Receiver notified us of failed OT verification.[0m
[1;31mError: Receiver notified us of failed OT verification.[0m
[1;31mError: Receiver notified us of failed OT verification.[0m
[1;31mError at position i = 0, k = 0, with X1 = 1f and res = 0. All values: 
X0: 0101101111101000
X1: 1111100011111000
[0m[1;31mError at position i = 0, k = 0, with X1 = 1f and res = 0. All values: 
X0: 0101101111101000
X1: 1111100011111000
[0m[1;31mError at position i = 0, k = 0, with X0 = da and res = 0. All values: 
X0: 0101101111101000
X1: 1111100011111000
[0m[1;31mError at position i = 0, k = 0, with X1 = 1f and res = 0. All values: 
X0: 0101101111101000
X1: 1111100011111000
[0m[1;31mError at position i = 0, k = 0, with X0 = da and res = 0. All values: 
X0: 0101101111101000
X1: 1111100011111000
[0m[1;31mError at position i = 0, k = 0, with X0 = da and res = 0. All values: 
X0: 0101101111101000
X1: 1111100011111000
[0m[1;31mError at position i = 0, k = 0, with X0 = da and res = 0. All values: 
X0: 0101101111101000
X1: 1111100011111000
[0m[1;31mError at position i = 0, k = 0, with X0 = da and res = 0. All values: 
X0: 0101101111101000
X1: 1111100011111000
[0m[1;31mError at position i = 0, k = 0, with X0 = da and res = 0. All values: 
X0: 0101101111101000
X1: 1111100011111000
[0m[1;31mError: Receiver notified us of failed OT verification.[0m
[1;31mError: Receiver notified us of failed OT verification.[0m
[1;31mError: Receiver notified us of failed OT verification.[0m
[1;31mError: Receiver notified us of failed OT verification.[0m
[1;31mError: Receiver notified us of failed OT verification.[0m
[1;31mError: Receiver notified us of failed OT verification.[0m
[1;31mError: Receiver notified us of failed OT verification.[0m
[1;31mError: Receiver notified us of failed OT verification.[0m
[1;31mError: Receiver notified us of failed OT verification.[0m
[1;31mError: Receiver notified us of failed OT verification.[0m
[1;31mError: Receiver notified us of failed OT verification.[0m
[1;31mError: Receiver notified us of failed OT verification.[0m
[1;31mError: Receiver notified us of failed OT verification.[0m
[1;31mError: Receiver notified us of failed OT verification.[0m
[1;31mError: Receiver notified us of failed OT verification.[0m
[1;31mError: Receiver notified us of failed OT verification.[0m
[1;31mError: Receiver notified us of failed OT verification.[0m
[1;31mError: Receiver notified us of failed OT verification.[0m
[1;31mError at position i = 0, k = 0, with X0 = da and res = 0. All values: 
X0: 0101101111101000
X1: 0110111100000100
[0m[1;31mError at position i = 0, k = 0, with X0 = da and res = 0. All values: 
X0: 0101101111101000
X1: 0110111100000100
[0m[1;31mError at position i = 0, k = 0, with X0 = da and res = 0. All values: 
X0: 0101101111101000
X1: 0110111100000100
[0m[1;31mError at position i = 0, k = 0, with X0 = da and res = 0. All values: 
X0: 0101101111101000
X1: 0110111100000100
[0m[1;31mError at position i = 0, k = 0, with X1 = f6 and res = 0. All values: 
X0: 0101101111101000
X1: 0110111100000100
[0m[1;31mError at position i = 0, k = 0, with X0 = da and res = 0. All values: 
X0: 0101101111101000
X1: 0110111100000100
[0m[1;31mError at position i = 0, k = 0, with X0 = da and res = 0. All values: 
X0: 0101101111101000
X1: 0110111100000100
[0m[1;31mError at position i = 0, k = 0, with X1 = f6 and res = 0. All values: 
X0: 0101101111101000
X1: 0110111100000100
[0m[1;31mError at position i = 0, k = 0, with X0 = da and res = 0. All values: 
X0: 0101101111101000
X1: 0110111100000100
[0m[1;31mError at position i = 0, k = 0, with X0 = da and res = 0. All values: 
X0: 0101101111101000
X1: 0110111100000100
[0m[1;31mError at position i = 0, k = 0, with X0 = da and res = 0. All values: 
X0: 0101101111101000
X1: 0110111100000100
[0m[1;31mError at position i = 0, k = 0, with X1 = f6 and res = 0. All values: 
X0: 0101101111101000
X1: 0110111100000100
[0m[1;31mError at position i = 0, k = 0, with X0 = da and res = 0. All values: 
X0: 0101101111101000
X1: 0110111100000100
[0m[1;31mError: Receiver notified us of failed OT verification.[0m
[1;31mError: Receiver notified us of failed OT verification.[0m
[1;31mError: Receiver notified us of failed OT verification.[0m
[1;31mError: Receiver notified us of failed OT verification.[0m
[1;31mError: Receiver notified us of failed OT verification.[0m
[1;31mError: Receiver notified us of failed OT verification.[0m
[1;31mError: Receiver notified us of failed OT verification.[0m
[1;31mError: Receiver notified us of failed OT verification.[0m
[1;31mError: Receiver notified us of failed OT verification.[0m
[1;31mError: Receiver notified us of failed OT verification.[0m
[1;31mError: Receiver notified us of failed OT verification.[0m
[1;31mError: Receiver notified us of failed OT verification.[0m
/root/anaconda3/envs/Fate3/lib/python3.6/site-packages/sklearn/metrics/classification.py:1135: UndefinedMetricWarning: Precision is ill-defined and being set to 0.0 in labels with no predicted samples.
  'precision', 'predicted', average, warn_for)
